==107660== Memcheck, a memory error detector
==107660== Copyright (C) 2002-2017, and GNU GPL'd, by Julian Seward et al.
==107660== Using Valgrind-3.16.1 and LibVEX; rerun with -h for copyright info
==107660== Command: ./main.out
==107660== Parent PID: 106136
==107660== 
==107660== Use of uninitialised value of size 8
==107660==    at 0x48AEEFB: _itoa_word (_itoa.c:179)
==107660==    by 0x48C88B7: __vfprintf_internal (vfprintf-internal.c:1687)
==107660==    by 0x48B4D9A: printf (printf.c:33)
==107660==    by 0x1091C2: main (in /home/akong_yin/my-repos/the-nitty-gritty/c/03_debugging-tools/2_valgrind/1_hello-world/main.out)
==107660== 
==107660== Conditional jump or move depends on uninitialised value(s)
==107660==    at 0x48AEF0C: _itoa_word (_itoa.c:179)
==107660==    by 0x48C88B7: __vfprintf_internal (vfprintf-internal.c:1687)
==107660==    by 0x48B4D9A: printf (printf.c:33)
==107660==    by 0x1091C2: main (in /home/akong_yin/my-repos/the-nitty-gritty/c/03_debugging-tools/2_valgrind/1_hello-world/main.out)
==107660== 
==107660== Conditional jump or move depends on uninitialised value(s)
==107660==    at 0x48C9660: __vfprintf_internal (vfprintf-internal.c:1687)
==107660==    by 0x48B4D9A: printf (printf.c:33)
==107660==    by 0x1091C2: main (in /home/akong_yin/my-repos/the-nitty-gritty/c/03_debugging-tools/2_valgrind/1_hello-world/main.out)
==107660== 
==107660== Conditional jump or move depends on uninitialised value(s)
==107660==    at 0x48C8A2E: __vfprintf_internal (vfprintf-internal.c:1687)
==107660==    by 0x48B4D9A: printf (printf.c:33)
==107660==    by 0x1091C2: main (in /home/akong_yin/my-repos/the-nitty-gritty/c/03_debugging-tools/2_valgrind/1_hello-world/main.out)
==107660== 
==107660== 
==107660== HEAP SUMMARY:
==107660==     in use at exit: 1,048,576 bytes in 64 blocks
==107660==   total heap usage: 65 allocs, 1 frees, 1,049,600 bytes allocated
==107660== 
==107660== 1,048,576 bytes in 64 blocks are definitely lost in loss record 1 of 1
==107660==    at 0x483877F: malloc (vg_replace_malloc.c:307)
==107660==    by 0x109151: my_func (in /home/akong_yin/my-repos/the-nitty-gritty/c/03_debugging-tools/2_valgrind/1_hello-world/main.out)
==107660==    by 0x1091A5: main (in /home/akong_yin/my-repos/the-nitty-gritty/c/03_debugging-tools/2_valgrind/1_hello-world/main.out)
==107660== 
==107660== LEAK SUMMARY:
==107660==    definitely lost: 1,048,576 bytes in 64 blocks
==107660==    indirectly lost: 0 bytes in 0 blocks
==107660==      possibly lost: 0 bytes in 0 blocks
==107660==    still reachable: 0 bytes in 0 blocks
==107660==         suppressed: 0 bytes in 0 blocks
==107660== 
==107660== Use --track-origins=yes to see where uninitialised values come from
==107660== For lists of detected and suppressed errors, rerun with: -s
==107660== ERROR SUMMARY: 23 errors from 5 contexts (suppressed: 0 from 0)
